<?xml version="1.0" encoding="UTF-8"?>
<!-- Generated by org.testng.reporters.JUnitXMLReporter -->
<testsuite ignored="2" hostname="LAPTOP-V71J6OVG" failures="0" tests="1" name="Surefire test" time="0.016" errors="0" timestamp="01 Jul 2021 03:35:32 GMT">
  <testcase classname="HomeTest" name="test2" time="0.003"/>
  <testcase classname="HomeTest" name="test1" time="0.0">
    <ignored/>
  </testcase> <!-- test1 -->
  <testcase classname="SignInTest" name="verifyTitleOfSignUpPage" time="0.0">
    <ignored/>
  </testcase> <!-- verifyTitleOfSignUpPage -->
</testsuite> <!-- Surefire test -->
