<?xml version="1.0" encoding="UTF-8"?>
<testng-results ignored="2" total="3" passed="1" failed="0" skipped="0">
  <reporter-output>
  </reporter-output>
  <suite started-at="2021-07-01T03:35:32Z" name="Surefire suite" finished-at="2021-07-01T03:35:32Z" duration-ms="16">
    <groups>
      <group name="stage">
        <method signature="HomeTest.test2()[pri:0, instance:HomeTest@6c779568]" name="test2" class="HomeTest"/>
      </group> <!-- stage -->
    </groups>
    <test started-at="2021-07-01T03:35:32Z" name="Surefire test" finished-at="2021-07-01T03:35:32Z" duration-ms="16">
      <class name="HomeTest">
        <test-method signature="test2()[pri:0, instance:HomeTest@6c779568]" started-at="2021-07-01T03:35:32Z" name="test2" finished-at="2021-07-01T03:35:32Z" duration-ms="3" status="PASS">
          <reporter-output>
          </reporter-output>
        </test-method> <!-- test2 -->
      </class> <!-- HomeTest -->
    </test> <!-- Surefire test -->
  </suite> <!-- Surefire suite -->
</testng-results>
