<?xml version="1.0" encoding="UTF-8"?>
<testng-results ignored="0" total="1" passed="1" failed="0" skipped="0">
  <reporter-output>
  </reporter-output>
  <suite started-at="2021-06-26T14:11:13 IST" name="Suite" finished-at="2021-06-26T14:11:19 IST" duration-ms="6023">
    <groups>
    </groups>
    <test started-at="2021-06-26T14:11:13 IST" name="Test" finished-at="2021-06-26T14:11:19 IST" duration-ms="6023">
      <class name="SignInTest">
        <test-method is-config="true" signature="initialiseBrowser()[pri:0, instance:SignInTest@606e4010]" started-at="2021-06-26T14:11:13 IST" name="initialiseBrowser" finished-at="2021-06-26T14:11:19 IST" duration-ms="5823" status="PASS">
          <reporter-output>
          </reporter-output>
        </test-method> <!-- initialiseBrowser -->
        <test-method signature="verifyTitleOfSignUpPage()[pri:0, instance:SignInTest@606e4010]" started-at="2021-06-26T14:11:19 IST" name="verifyTitleOfSignUpPage" finished-at="2021-06-26T14:11:19 IST" duration-ms="16" status="PASS">
          <reporter-output>
          </reporter-output>
        </test-method> <!-- verifyTitleOfSignUpPage -->
        <test-method is-config="true" signature="tearDown()[pri:0, instance:SignInTest@606e4010]" started-at="2021-06-26T14:11:19 IST" name="tearDown" finished-at="2021-06-26T14:11:19 IST" duration-ms="52" status="PASS">
          <reporter-output>
          </reporter-output>
        </test-method> <!-- tearDown -->
      </class> <!-- SignInTest -->
    </test> <!-- Test -->
  </suite> <!-- Suite -->
</testng-results>
