<?xml version="1.0" encoding="UTF-8"?>
<testng-results ignored="0" total="1" passed="1" failed="0" skipped="0">
  <reporter-output>
  </reporter-output>
  <suite started-at="2021-06-27T13:19:31 IST" name="Default suite" finished-at="2021-06-27T13:19:31 IST" duration-ms="38">
    <groups>
      <group name="Smoke">
        <method signature="HomeTest.test1(org.testng.ITestContext)[pri:0, instance:HomeTest@f0da945]" name="test1" class="HomeTest"/>
      </group> <!-- Smoke -->
    </groups>
    <test started-at="2021-06-27T13:19:31 IST" name="Default test" finished-at="2021-06-27T13:19:31 IST" duration-ms="38">
      <class name="HomeTest">
        <test-method is-config="true" signature="test2(org.testng.ITestContext)[pri:0, instance:HomeTest@f0da945]" started-at="2021-06-27T13:19:31 IST" name="test2" finished-at="2021-06-27T13:19:31 IST" duration-ms="3" status="PASS">
          <params>
            <param index="0">
              <value>
                <![CDATA[org.testng.TestRunner@2dfaea86]]>
              </value>
            </param>
          </params>
          <reporter-output>
          </reporter-output>
        </test-method> <!-- test2 -->
        <test-method signature="test1(org.testng.ITestContext)[pri:0, instance:HomeTest@f0da945]" started-at="2021-06-27T13:19:31 IST" name="test1" finished-at="2021-06-27T13:19:31 IST" duration-ms="5" status="PASS">
          <params>
            <param index="0">
              <value>
                <![CDATA[org.testng.TestRunner@2dfaea86]]>
              </value>
            </param>
          </params>
          <reporter-output>
          </reporter-output>
        </test-method> <!-- test1 -->
      </class> <!-- HomeTest -->
    </test> <!-- Default test -->
  </suite> <!-- Default suite -->
</testng-results>
